<?xml version="1.0" encoding="UTF-8"?>
<!-- Generated by org.testng.reporters.JUnitReportReporter -->
<testsuite hostname="LIN51013508" failures="0" tests="9" name="com.reqres.testcases.RegresAPI" time="6.043" errors="0" timestamp="2022-10-16T22:53:02 IST" skipped="0">
  <testcase classname="com.reqres.testcases.RegresAPI" name="UpdateuserRequestc" time="0.427"/>
  <system-out/>
  <testcase classname="com.reqres.testcases.RegresAPI" name="GetListofusers" time="1.428"/>
  <system-out/>
  <testcase classname="com.reqres.testcases.RegresAPI" name="UpdateuserRequest" time="0.399"/>
  <system-out/>
  <testcase classname="com.reqres.testcases.RegresAPI" name="DeleteSingleUserRequest" time="0.433"/>
  <system-out/>
  <testcase classname="com.reqres.testcases.RegresAPI" name="CreateuserRequestc" time="1.990"/>
  <system-out/>
  <testcase classname="com.reqres.testcases.RegresAPI" name="DeleteSingleUserRequestc" time="0.395"/>
  <system-out/>
  <testcase classname="com.reqres.testcases.RegresAPI" name="GetListofusersc" time="0.168"/>
  <system-out/>
  <testcase classname="com.reqres.testcases.RegresAPI" name="GetSingleUserRequestc" time="0.169"/>
  <system-out/>
  <testcase classname="com.reqres.testcases.RegresAPI" name="GetSingleUserRequest" time="0.634"/>
  <system-out/>
</testsuite> <!-- com.reqres.testcases.RegresAPI -->
