<?xml version="1.0" encoding="UTF-8"?>
<!-- Generated by org.testng.reporters.JUnitReportReporter -->
<testsuite hostname="LIN51013508" failures="0" tests="9" name="com.reqres.testcases.GetRequestExample" time="5.436" errors="0" timestamp="2022-10-08T13:09:19 IST" skipped="0">
  <testcase classname="com.reqres.testcases.GetRequestExample" name="UpdateuserRequestc" time="0.408"/>
  <system-out/>
  <testcase classname="com.reqres.testcases.GetRequestExample" name="GetSingleUserRequestc" time="0.170"/>
  <system-out/>
  <testcase classname="com.reqres.testcases.GetRequestExample" name="GetListofusersc" time="0.167"/>
  <system-out/>
  <testcase classname="com.reqres.testcases.GetRequestExample" name="GetListofusers" time="1.249"/>
  <system-out/>
  <testcase classname="com.reqres.testcases.GetRequestExample" name="GetSingleUserRequest" time="0.523"/>
  <system-out/>
  <testcase classname="com.reqres.testcases.GetRequestExample" name="CreateuserRequestc" time="1.519"/>
  <system-out/>
  <testcase classname="com.reqres.testcases.GetRequestExample" name="DeleteSingleUserRequest" time="0.455"/>
  <system-out/>
  <testcase classname="com.reqres.testcases.GetRequestExample" name="UpdateuserRequest" time="0.500"/>
  <system-out/>
  <testcase classname="com.reqres.testcases.GetRequestExample" name="DeleteSingleUserRequestc" time="0.445"/>
  <system-out/>
</testsuite> <!-- com.reqres.testcases.GetRequestExample -->
