<?xml version="1.0" encoding="UTF-8"?>
<!-- Generated by org.testng.reporters.JUnitReportReporter -->
<testsuite hostname="LIN51013508" failures="0" tests="9" name="com.reqres.testcases.RegresAPI" time="7.702" errors="0" timestamp="2022-10-16T22:33:39 IST" skipped="0">
  <testcase classname="com.reqres.testcases.RegresAPI" name="GetListofusersc" time="0.198"/>
  <system-out/>
  <testcase classname="com.reqres.testcases.RegresAPI" name="GetSingleUserRequestc" time="0.204"/>
  <system-out/>
  <testcase classname="com.reqres.testcases.RegresAPI" name="UpdateuserRequestc" time="1.450"/>
  <system-out/>
  <testcase classname="com.reqres.testcases.RegresAPI" name="DeleteSingleUserRequestc" time="1.421"/>
  <system-out/>
  <testcase classname="com.reqres.testcases.RegresAPI" name="UpdateuserRequest" time="0.424"/>
  <system-out/>
  <testcase classname="com.reqres.testcases.RegresAPI" name="DeleteSingleUserRequest" time="0.447"/>
  <system-out/>
  <testcase classname="com.reqres.testcases.RegresAPI" name="GetSingleUserRequest" time="0.202"/>
  <system-out/>
  <testcase classname="com.reqres.testcases.RegresAPI" name="GetListofusers" time="1.320"/>
  <system-out/>
  <testcase classname="com.reqres.testcases.RegresAPI" name="CreateuserRequestc" time="2.036"/>
  <system-out/>
</testsuite> <!-- com.reqres.testcases.RegresAPI -->
